<?xml version="1.0" encoding="UTF-8"?>
<testng-results ignored="0" total="2" passed="2" failed="0" skipped="0">
  <reporter-output>
  </reporter-output>
  <suite started-at="2025-02-06T10:10:33 IST" name="Default suite" finished-at="2025-02-06T10:10:42 IST" duration-ms="9090">
    <groups>
    </groups>
    <test started-at="2025-02-06T10:10:33 IST" name="Default test" finished-at="2025-02-06T10:10:42 IST" duration-ms="9090">
      <class name="ExternalReports.ExternalReportsDemo">
        <test-method is-config="true" signature="config()[pri:0, instance:ExternalReports.ExternalReportsDemo@22ff4249]" started-at="2025-02-06T10:10:33 IST" name="config" finished-at="2025-02-06T10:10:33 IST" duration-ms="204" status="PASS">
          <reporter-output>
          </reporter-output>
        </test-method> <!-- config -->
        <test-method signature="initialDemo()[pri:0, instance:ExternalReports.ExternalReportsDemo@22ff4249]" started-at="2025-02-06T10:10:33 IST" name="initialDemo" finished-at="2025-02-06T10:10:37 IST" duration-ms="3269" status="PASS">
          <reporter-output>
          </reporter-output>
        </test-method> <!-- initialDemo -->
        <test-method signature="secondTest()[pri:0, instance:ExternalReports.ExternalReportsDemo@22ff4249]" started-at="2025-02-06T10:10:37 IST" name="secondTest" finished-at="2025-02-06T10:10:42 IST" duration-ms="5400" status="PASS">
          <reporter-output>
          </reporter-output>
        </test-method> <!-- secondTest -->
        <test-method is-config="true" signature="TearDown()[pri:0, instance:ExternalReports.ExternalReportsDemo@22ff4249]" started-at="2025-02-06T10:10:42 IST" name="TearDown" finished-at="2025-02-06T10:10:42 IST" duration-ms="183" status="PASS">
          <reporter-output>
          </reporter-output>
        </test-method> <!-- TearDown -->
      </class> <!-- ExternalReports.ExternalReportsDemo -->
    </test> <!-- Default test -->
  </suite> <!-- Default suite -->
</testng-results>
