<?xml version="1.0" encoding="UTF-8"?>
<testng-results ignored="0" total="1" passed="1" failed="0" skipped="0">
  <reporter-output>
  </reporter-output>
  <suite started-at="2025-02-02T18:50:02 IST" name="Default suite" finished-at="2025-02-02T18:50:52 IST" duration-ms="50613">
    <groups>
    </groups>
    <test started-at="2025-02-02T18:50:02 IST" name="Default test" finished-at="2025-02-02T18:50:52 IST" duration-ms="50613">
      <class name="frameworks.appium.Android.eCommerce_hybrid_test">
        <test-method is-config="true" signature="ServerConnection()[pri:0, instance:frameworks.appium.Android.eCommerce_hybrid_test@40a4337a]" started-at="2025-02-02T18:50:02 IST" name="ServerConnection" finished-at="2025-02-02T18:50:15 IST" duration-ms="13511" status="PASS">
          <reporter-output>
          </reporter-output>
        </test-method> <!-- ServerConnection -->
        <test-method signature="fillForm()[pri:0, instance:frameworks.appium.Android.eCommerce_hybrid_test@40a4337a]" started-at="2025-02-02T18:50:15 IST" name="fillForm" finished-at="2025-02-02T18:50:52 IST" duration-ms="36625" status="PASS">
          <reporter-output>
          </reporter-output>
        </test-method> <!-- fillForm -->
        <test-method is-config="true" signature="TearDown()[pri:0, instance:frameworks.appium.Android.eCommerce_hybrid_test@40a4337a]" started-at="2025-02-02T18:50:52 IST" name="TearDown" finished-at="2025-02-02T18:50:52 IST" duration-ms="429" status="PASS">
          <reporter-output>
          </reporter-output>
        </test-method> <!-- TearDown -->
      </class> <!-- frameworks.appium.Android.eCommerce_hybrid_test -->
    </test> <!-- Default test -->
  </suite> <!-- Default suite -->
</testng-results>
